{"D:\\Microverse\\solo programming\\solo4\\To_Do_list\\modules\\clearAll.js": {"path":"D:\\Microverse\\solo programming\\solo4\\To_Do_list\\modules\\clearAll.js","statementMap":{"0":{"start":{"line":3,"column":19},"end":{"line":7,"column":1}},"1":{"start":{"line":4,"column":2},"end":{"line":4,"column":69}},"2":{"start":{"line":4,"column":43},"end":{"line":4,"column":67}},"3":{"start":{"line":5,"column":2},"end":{"line":5,"column":37}},"4":{"start":{"line":6,"column":2},"end":{"line":6,"column":20}}},"fnMap":{"0":{"name":"(anonymous_0)","decl":{"start":{"line":3,"column":19},"end":{"line":3,"column":20}},"loc":{"start":{"line":3,"column":29},"end":{"line":7,"column":1}},"line":3},"1":{"name":"(anonymous_1)","decl":{"start":{"line":4,"column":33},"end":{"line":4,"column":34}},"loc":{"start":{"line":4,"column":43},"end":{"line":4,"column":67}},"line":4}},"branchMap":{},"s":{"0":1,"1":3,"2":11,"3":3,"4":3},"f":{"0":3,"1":11},"b":{},"_coverageSchema":"1a1c01bbd47fc00a2c39e90264f33305004495a9","hash":"9955462d49876187f4426e5cbbf86376b8abb45a"}
,"D:\\Microverse\\solo programming\\solo4\\To_Do_list\\modules\\status.js": {"path":"D:\\Microverse\\solo programming\\solo4\\To_Do_list\\modules\\status.js","statementMap":{"0":{"start":{"line":2,"column":2},"end":{"line":6,"column":3}},"1":{"start":{"line":3,"column":4},"end":{"line":3,"column":26}},"2":{"start":{"line":4,"column":9},"end":{"line":6,"column":3}},"3":{"start":{"line":5,"column":4},"end":{"line":5,"column":27}},"4":{"start":{"line":7,"column":2},"end":{"line":7,"column":14}}},"fnMap":{"0":{"name":"status","decl":{"start":{"line":1,"column":24},"end":{"line":1,"column":30}},"loc":{"start":{"line":1,"column":37},"end":{"line":8,"column":1}},"line":1}},"branchMap":{"0":{"loc":{"start":{"line":2,"column":2},"end":{"line":6,"column":3}},"type":"if","locations":[{"start":{"line":2,"column":2},"end":{"line":6,"column":3}},{"start":{"line":4,"column":9},"end":{"line":6,"column":3}}],"line":2},"1":{"loc":{"start":{"line":4,"column":9},"end":{"line":6,"column":3}},"type":"if","locations":[{"start":{"line":4,"column":9},"end":{"line":6,"column":3}},{"start":{},"end":{}}],"line":4}},"s":{"0":2,"1":1,"2":1,"3":1,"4":2},"f":{"0":2},"b":{"0":[1,1],"1":[1,0]},"_coverageSchema":"1a1c01bbd47fc00a2c39e90264f33305004495a9","hash":"fa4b05b358383263b8f1f3e6455210ab0f30927d"}
,"D:\\Microverse\\solo programming\\solo4\\To_Do_list\\modules\\taskList.js": {"path":"D:\\Microverse\\solo programming\\solo4\\To_Do_list\\modules\\taskList.js","statementMap":{"0":{"start":{"line":3,"column":22},"end":{"line":6,"column":1}},"1":{"start":{"line":4,"column":2},"end":{"line":4,"column":58}},"2":{"start":{"line":5,"column":2},"end":{"line":5,"column":104}},"3":{"start":{"line":10,"column":4},"end":{"line":10,"column":65}},"4":{"start":{"line":13,"column":15},"end":{"line":18,"column":3}},"5":{"start":{"line":14,"column":4},"end":{"line":14,"column":54}},"6":{"start":{"line":14,"column":42},"end":{"line":14,"column":52}},"7":{"start":{"line":15,"column":4},"end":{"line":15,"column":39}},"8":{"start":{"line":16,"column":4},"end":{"line":16,"column":24}},"9":{"start":{"line":17,"column":4},"end":{"line":17,"column":22}},"10":{"start":{"line":20,"column":12},"end":{"line":26,"column":3}},"11":{"start":{"line":21,"column":4},"end":{"line":21,"column":26}},"12":{"start":{"line":22,"column":4},"end":{"line":22,"column":39}},"13":{"start":{"line":23,"column":4},"end":{"line":23,"column":24}},"14":{"start":{"line":24,"column":4},"end":{"line":24,"column":40}},"15":{"start":{"line":25,"column":4},"end":{"line":25,"column":22}},"16":{"start":{"line":28,"column":9},"end":{"line":33,"column":3}},"17":{"start":{"line":29,"column":4},"end":{"line":31,"column":5}},"18":{"start":{"line":29,"column":17},"end":{"line":29,"column":18}},"19":{"start":{"line":30,"column":6},"end":{"line":30,"column":34}},"20":{"start":{"line":32,"column":4},"end":{"line":32,"column":39}},"21":{"start":{"line":36,"column":4},"end":{"line":36,"column":42}},"22":{"start":{"line":37,"column":4},"end":{"line":37,"column":29}},"23":{"start":{"line":40,"column":15},"end":{"line":50,"column":3}},"24":{"start":{"line":41,"column":4},"end":{"line":41,"column":46}},"25":{"start":{"line":42,"column":4},"end":{"line":42,"column":38}},"26":{"start":{"line":43,"column":4},"end":{"line":43,"column":26}},"27":{"start":{"line":44,"column":4},"end":{"line":44,"column":17}},"28":{"start":{"line":45,"column":4},"end":{"line":48,"column":7}},"29":{"start":{"line":46,"column":24},"end":{"line":46,"column":38}},"30":{"start":{"line":47,"column":6},"end":{"line":47,"column":43}},"31":{"start":{"line":49,"column":4},"end":{"line":49,"column":22}},"32":{"start":{"line":52,"column":19},"end":{"line":57,"column":3}},"33":{"start":{"line":53,"column":4},"end":{"line":53,"column":25}},"34":{"start":{"line":54,"column":4},"end":{"line":54,"column":24}},"35":{"start":{"line":55,"column":4},"end":{"line":55,"column":39}},"36":{"start":{"line":56,"column":4},"end":{"line":56,"column":22}},"37":{"start":{"line":59,"column":12},"end":{"line":110,"column":3}},"38":{"start":{"line":60,"column":4},"end":{"line":76,"column":11}},"39":{"start":{"line":60,"column":47},"end":{"line":60,"column":64}},"40":{"start":{"line":61,"column":6},"end":{"line":75,"column":15}},"41":{"start":{"line":78,"column":23},"end":{"line":78,"column":59}},"42":{"start":{"line":79,"column":4},"end":{"line":85,"column":7}},"43":{"start":{"line":80,"column":6},"end":{"line":84,"column":9}},"44":{"start":{"line":81,"column":8},"end":{"line":81,"column":49}},"45":{"start":{"line":82,"column":8},"end":{"line":82,"column":20}},"46":{"start":{"line":83,"column":8},"end":{"line":83,"column":27}},"47":{"start":{"line":86,"column":21},"end":{"line":86,"column":55}},"48":{"start":{"line":87,"column":22},"end":{"line":87,"column":56}},"49":{"start":{"line":88,"column":21},"end":{"line":88,"column":60}},"50":{"start":{"line":89,"column":4},"end":{"line":101,"column":7}},"51":{"start":{"line":90,"column":14},"end":{"line":90,"column":15}},"52":{"start":{"line":91,"column":6},"end":{"line":100,"column":9}},"53":{"start":{"line":92,"column":8},"end":{"line":99,"column":9}},"54":{"start":{"line":93,"column":10},"end":{"line":93,"column":87}},"55":{"start":{"line":94,"column":10},"end":{"line":94,"column":17}},"56":{"start":{"line":96,"column":10},"end":{"line":96,"column":54}},"57":{"start":{"line":97,"column":10},"end":{"line":97,"column":29}},"58":{"start":{"line":98,"column":10},"end":{"line":98,"column":17}},"59":{"start":{"line":102,"column":22},"end":{"line":102,"column":62}},"60":{"start":{"line":103,"column":4},"end":{"line":108,"column":7}},"61":{"start":{"line":104,"column":6},"end":{"line":107,"column":9}},"62":{"start":{"line":105,"column":8},"end":{"line":105,"column":34}},"63":{"start":{"line":106,"column":8},"end":{"line":106,"column":43}},"64":{"start":{"line":109,"column":4},"end":{"line":109,"column":16}}},"fnMap":{"0":{"name":"(anonymous_0)","decl":{"start":{"line":3,"column":22},"end":{"line":3,"column":23}},"loc":{"start":{"line":3,"column":45},"end":{"line":6,"column":1}},"line":3},"1":{"name":"(anonymous_1)","decl":{"start":{"line":9,"column":2},"end":{"line":9,"column":3}},"loc":{"start":{"line":9,"column":16},"end":{"line":11,"column":3}},"line":9},"2":{"name":"(anonymous_2)","decl":{"start":{"line":13,"column":15},"end":{"line":13,"column":16}},"loc":{"start":{"line":13,"column":31},"end":{"line":18,"column":3}},"line":13},"3":{"name":"(anonymous_3)","decl":{"start":{"line":14,"column":35},"end":{"line":14,"column":36}},"loc":{"start":{"line":14,"column":42},"end":{"line":14,"column":52}},"line":14},"4":{"name":"(anonymous_4)","decl":{"start":{"line":20,"column":12},"end":{"line":20,"column":13}},"loc":{"start":{"line":20,"column":46},"end":{"line":26,"column":3}},"line":20},"5":{"name":"(anonymous_5)","decl":{"start":{"line":28,"column":9},"end":{"line":28,"column":10}},"loc":{"start":{"line":28,"column":15},"end":{"line":33,"column":3}},"line":28},"6":{"name":"(anonymous_6)","decl":{"start":{"line":35,"column":2},"end":{"line":35,"column":3}},"loc":{"start":{"line":35,"column":30},"end":{"line":38,"column":3}},"line":35},"7":{"name":"(anonymous_7)","decl":{"start":{"line":40,"column":15},"end":{"line":40,"column":16}},"loc":{"start":{"line":40,"column":41},"end":{"line":50,"column":3}},"line":40},"8":{"name":"(anonymous_8)","decl":{"start":{"line":45,"column":35},"end":{"line":45,"column":36}},"loc":{"start":{"line":45,"column":42},"end":{"line":48,"column":5}},"line":45},"9":{"name":"(anonymous_9)","decl":{"start":{"line":52,"column":19},"end":{"line":52,"column":20}},"loc":{"start":{"line":52,"column":35},"end":{"line":57,"column":3}},"line":52},"10":{"name":"(anonymous_10)","decl":{"start":{"line":59,"column":12},"end":{"line":59,"column":13}},"loc":{"start":{"line":59,"column":22},"end":{"line":110,"column":3}},"line":59},"11":{"name":"(anonymous_11)","decl":{"start":{"line":60,"column":37},"end":{"line":60,"column":38}},"loc":{"start":{"line":60,"column":47},"end":{"line":60,"column":64}},"line":60},"12":{"name":"(anonymous_12)","decl":{"start":{"line":60,"column":73},"end":{"line":60,"column":74}},"loc":{"start":{"line":61,"column":6},"end":{"line":75,"column":15}},"line":61},"13":{"name":"(anonymous_13)","decl":{"start":{"line":79,"column":23},"end":{"line":79,"column":24}},"loc":{"start":{"line":79,"column":39},"end":{"line":85,"column":5}},"line":79},"14":{"name":"(anonymous_14)","decl":{"start":{"line":80,"column":36},"end":{"line":80,"column":37}},"loc":{"start":{"line":80,"column":42},"end":{"line":84,"column":7}},"line":80},"15":{"name":"(anonymous_15)","decl":{"start":{"line":89,"column":21},"end":{"line":89,"column":22}},"loc":{"start":{"line":89,"column":37},"end":{"line":101,"column":5}},"line":89},"16":{"name":"(anonymous_16)","decl":{"start":{"line":91,"column":36},"end":{"line":91,"column":37}},"loc":{"start":{"line":91,"column":42},"end":{"line":100,"column":7}},"line":91},"17":{"name":"(anonymous_17)","decl":{"start":{"line":103,"column":22},"end":{"line":103,"column":23}},"loc":{"start":{"line":103,"column":38},"end":{"line":108,"column":5}},"line":103},"18":{"name":"(anonymous_18)","decl":{"start":{"line":104,"column":36},"end":{"line":104,"column":37}},"loc":{"start":{"line":104,"column":42},"end":{"line":107,"column":7}},"line":104}},"branchMap":{"0":{"loc":{"start":{"line":5,"column":9},"end":{"line":5,"column":103}},"type":"cond-expr","locations":[{"start":{"line":5,"column":49},"end":{"line":5,"column":98}},{"start":{"line":5,"column":101},"end":{"line":5,"column":103}}],"line":5},"1":{"loc":{"start":{"line":10,"column":17},"end":{"line":10,"column":64}},"type":"binary-expr","locations":[{"start":{"line":10,"column":17},"end":{"line":10,"column":58}},{"start":{"line":10,"column":62},"end":{"line":10,"column":64}}],"line":10},"2":{"loc":{"start":{"line":66,"column":94},"end":{"line":66,"column":125}},"type":"cond-expr","locations":[{"start":{"line":66,"column":111},"end":{"line":66,"column":120}},{"start":{"line":66,"column":123},"end":{"line":66,"column":125}}],"line":66},"3":{"loc":{"start":{"line":92,"column":8},"end":{"line":99,"column":9}},"type":"if","locations":[{"start":{"line":92,"column":8},"end":{"line":99,"column":9}},{"start":{"line":95,"column":15},"end":{"line":99,"column":9}}],"line":92}},"s":{"0":4,"1":32,"2":32,"3":5,"4":5,"5":6,"6":15,"7":6,"8":6,"9":6,"10":5,"11":20,"12":20,"13":20,"14":20,"15":20,"16":5,"17":0,"18":0,"19":0,"20":0,"21":2,"22":2,"23":5,"24":0,"25":0,"26":0,"27":0,"28":0,"29":0,"30":0,"31":0,"32":5,"33":0,"34":0,"35":0,"36":0,"37":5,"38":7,"39":7,"40":13,"41":7,"42":7,"43":13,"44":0,"45":0,"46":0,"47":7,"48":7,"49":7,"50":7,"51":13,"52":13,"53":0,"54":0,"55":0,"56":0,"57":0,"58":0,"59":7,"60":7,"61":13,"62":0,"63":0,"64":7},"f":{"0":32,"1":5,"2":6,"3":15,"4":20,"5":0,"6":2,"7":0,"8":0,"9":0,"10":7,"11":7,"12":13,"13":13,"14":0,"15":13,"16":0,"17":13,"18":0},"b":{"0":[32,0],"1":[5,5],"2":[0,13],"3":[0,0]},"_coverageSchema":"1a1c01bbd47fc00a2c39e90264f33305004495a9","hash":"dcd1016555e5d42352179560cf3ad3b4239171c2"}
,"D:\\Microverse\\solo programming\\solo4\\To_Do_list\\modules\\tasks.js": {"path":"D:\\Microverse\\solo programming\\solo4\\To_Do_list\\modules\\tasks.js","statementMap":{"0":{"start":{"line":3,"column":4},"end":{"line":3,"column":35}},"1":{"start":{"line":4,"column":4},"end":{"line":4,"column":31}},"2":{"start":{"line":5,"column":4},"end":{"line":5,"column":23}}},"fnMap":{"0":{"name":"(anonymous_0)","decl":{"start":{"line":2,"column":2},"end":{"line":2,"column":3}},"loc":{"start":{"line":2,"column":53},"end":{"line":6,"column":3}},"line":2}},"branchMap":{"0":{"loc":{"start":{"line":2,"column":34},"end":{"line":2,"column":51}},"type":"default-arg","locations":[{"start":{"line":2,"column":46},"end":{"line":2,"column":51}}],"line":2}},"s":{"0":25,"1":25,"2":25},"f":{"0":25},"b":{"0":[23]},"_coverageSchema":"1a1c01bbd47fc00a2c39e90264f33305004495a9","hash":"685ed3ecbba2b47ce6c24460daec1f4406724aa4"}
}
