TN:
SF:modules\clearAll.js
FN:3,(anonymous_0)
FN:4,(anonymous_1)
FNF:2
FNH:2
FNDA:3,(anonymous_0)
FNDA:11,(anonymous_1)
DA:3,1
DA:4,11
DA:5,3
DA:6,3
LF:4
LH:4
BRF:0
BRH:0
end_of_record
TN:
SF:modules\status.js
FN:1,status
FNF:1
FNH:1
FNDA:2,status
DA:2,2
DA:3,1
DA:4,1
DA:5,1
DA:7,2
LF:5
LH:5
BRDA:2,0,0,1
BRDA:2,0,1,1
BRDA:4,1,0,1
BRDA:4,1,1,0
BRF:4
BRH:3
end_of_record
TN:
SF:modules\taskList.js
FN:3,(anonymous_0)
FN:9,(anonymous_1)
FN:13,(anonymous_2)
FN:14,(anonymous_3)
FN:20,(anonymous_4)
FN:28,(anonymous_5)
FN:35,(anonymous_6)
FN:40,(anonymous_7)
FN:45,(anonymous_8)
FN:52,(anonymous_9)
FN:59,(anonymous_10)
FN:60,(anonymous_11)
FN:60,(anonymous_12)
FN:79,(anonymous_13)
FN:80,(anonymous_14)
FN:89,(anonymous_15)
FN:91,(anonymous_16)
FN:103,(anonymous_17)
FN:104,(anonymous_18)
FNF:19
FNH:12
FNDA:32,(anonymous_0)
FNDA:5,(anonymous_1)
FNDA:6,(anonymous_2)
FNDA:15,(anonymous_3)
FNDA:20,(anonymous_4)
FNDA:0,(anonymous_5)
FNDA:2,(anonymous_6)
FNDA:0,(anonymous_7)
FNDA:0,(anonymous_8)
FNDA:0,(anonymous_9)
FNDA:7,(anonymous_10)
FNDA:7,(anonymous_11)
FNDA:13,(anonymous_12)
FNDA:13,(anonymous_13)
FNDA:0,(anonymous_14)
FNDA:13,(anonymous_15)
FNDA:0,(anonymous_16)
FNDA:13,(anonymous_17)
FNDA:0,(anonymous_18)
DA:3,4
DA:4,32
DA:5,32
DA:10,5
DA:13,5
DA:14,15
DA:15,6
DA:16,6
DA:17,6
DA:20,5
DA:21,20
DA:22,20
DA:23,20
DA:24,20
DA:25,20
DA:28,5
DA:29,0
DA:30,0
DA:32,0
DA:36,2
DA:37,2
DA:40,5
DA:41,0
DA:42,0
DA:43,0
DA:44,0
DA:45,0
DA:46,0
DA:47,0
DA:49,0
DA:52,5
DA:53,0
DA:54,0
DA:55,0
DA:56,0
DA:59,5
DA:60,7
DA:61,13
DA:78,7
DA:79,7
DA:80,13
DA:81,0
DA:82,0
DA:83,0
DA:86,7
DA:87,7
DA:88,7
DA:89,7
DA:90,13
DA:91,13
DA:92,0
DA:93,0
DA:94,0
DA:96,0
DA:97,0
DA:98,0
DA:102,7
DA:103,7
DA:104,13
DA:105,0
DA:106,0
DA:109,7
LF:62
LH:36
BRDA:5,0,0,32
BRDA:5,0,1,0
BRDA:10,1,0,5
BRDA:10,1,1,5
BRDA:66,2,0,0
BRDA:66,2,1,13
BRDA:92,3,0,0
BRDA:92,3,1,0
BRF:8
BRH:4
end_of_record
TN:
SF:modules\tasks.js
FN:2,(anonymous_0)
FNF:1
FNH:1
FNDA:25,(anonymous_0)
DA:3,25
DA:4,25
DA:5,25
LF:3
LH:3
BRDA:2,0,0,23
BRF:1
BRH:1
end_of_record
